********************************************************************************
*                             Initializing Cubiquity                           *
********************************************************************************
[20:28:27, Info   ]: Creating empty voxel database as 'C:/Users/Public/Documents/Unity Projects/Ultra super fajna gra/Assets/StreamingAssets/Cubiquity/VoxelDatabases/02DA7A5C.vdb'
[20:28:38, Info   ]: Resizing compressed data buffer to 288486bytes. This should only happen once
[20:28:39, Info   ]: Creating voxel database from 'C:/Users/Public/Documents/Unity Projects/Ultra super fajna gra/Assets/StreamingAssets/Cubiquity/VoxelDatabases/02DA7A5C.vdb'
[20:30:39, Info   ]: Resizing compressed data buffer to 288486bytes. This should only happen once
[20:30:40, Info   ]: Creating voxel database from 'C:/Users/Public/Documents/Unity Projects/Ultra super fajna gra/Assets/StreamingAssets/Cubiquity/VoxelDatabases/02DA7A5C.vdb'
[20:30:43, Info   ]: Creating voxel database from 'C:/Users/Public/Documents/Unity Projects/Ultra super fajna gra/Assets/StreamingAssets/Cubiquity/VoxelDatabases/02DA7A5C.vdb'
[20:30:54, Info   ]: Creating voxel database from 'C:/Users/Public/Documents/Unity Projects/Ultra super fajna gra/Assets/StreamingAssets/Cubiquity/VoxelDatabases/02DA7A5C.vdb'
[20:30:56, Info   ]: Creating voxel database from 'C:/Users/Public/Documents/Unity Projects/Ultra super fajna gra/Assets/StreamingAssets/Cubiquity/VoxelDatabases/02DA7A5C.vdb'
[20:31:25, Info   ]: Creating voxel database from 'C:/Users/Public/Documents/Unity Projects/Ultra super fajna gra/Assets/StreamingAssets/Cubiquity/VoxelDatabases/02DA7A5C.vdb'
[20:31:28, Info   ]: Creating voxel database from 'C:/Users/Public/Documents/Unity Projects/Ultra super fajna gra/Assets/StreamingAssets/Cubiquity/VoxelDatabases/02DA7A5C.vdb'
[20:34:07, Info   ]: Resizing compressed data buffer to 288486bytes. This should only happen once
[20:34:09, Info   ]: Creating voxel database from 'C:/Users/Public/Documents/Unity Projects/Ultra super fajna gra/Assets/StreamingAssets/Cubiquity/VoxelDatabases/02DA7A5C.vdb'
[20:35:06, Info   ]: Creating voxel database from 'C:/Users/Public/Documents/Unity Projects/Ultra super fajna gra/Assets/StreamingAssets/Cubiquity/VoxelDatabases/02DA7A5C.vdb'
[20:37:09, Info   ]: Creating empty voxel database as 'C:/Users/Public/Documents/Unity Projects/Ultra super fajna gra/Assets/StreamingAssets/Cubiquity/VoxelDatabases/7A6E1959.vdb'
[20:38:24, Info   ]: Resizing compressed data buffer to 288486bytes. This should only happen once
[20:38:30, Info   ]: Creating empty voxel database as 'C:/Users/Public/Documents/Unity Projects/Ultra super fajna gra/Assets/StreamingAssets/Cubiquity/VoxelDatabases/3CD8577D.vdb'
[20:47:12, Info   ]: Resizing compressed data buffer to 288486bytes. This should only happen once
[20:47:13, Info   ]: Creating voxel database from 'C:/Users/Public/Documents/Unity Projects/Ultra super fajna gra/Assets/StreamingAssets/Cubiquity/VoxelDatabases/3CD8577D.vdb'
********************************************************************************
*                             Shutting down Cubiquity                          *
********************************************************************************

